{"synthetic": false,
 "schemaVersion": "2025-09-10",
 "outputs":
 {"o": ["2a57fea613b2dff9.olean"],
  "i": "794a58ed81389672.ilean",
  "c": "3474e1e9633bc4ce.c"},
 "log":
 [{"message":
   ".> LEAN_PATH=/Users/inaciof.vasquez/github-audit/yang-mills-hs-gap-cert/formal-alstar/.lake/packages/Cli/.lake/build/lib/lean:/Users/inaciof.vasquez/github-audit/yang-mills-hs-gap-cert/formal-alstar/.lake/packages/batteries/.lake/build/lib/lean:/Users/inaciof.vasquez/github-audit/yang-mills-hs-gap-cert/formal-alstar/.lake/packages/Qq/.lake/build/lib/lean:/Users/inaciof.vasquez/github-audit/yang-mills-hs-gap-cert/formal-alstar/.lake/packages/aesop/.lake/build/lib/lean:/Users/inaciof.vasquez/github-audit/yang-mills-hs-gap-cert/formal-alstar/.lake/packages/proofwidgets/.lake/build/lib/lean:/Users/inaciof.vasquez/github-audit/yang-mills-hs-gap-cert/formal-alstar/.lake/packages/importGraph/.lake/build/lib/lean:/Users/inaciof.vasquez/github-audit/yang-mills-hs-gap-cert/formal-alstar/.lake/packages/LeanSearchClient/.lake/build/lib/lean:/Users/inaciof.vasquez/github-audit/yang-mills-hs-gap-cert/formal-alstar/.lake/packages/plausible/.lake/build/lib/lean:/Users/inaciof.vasquez/github-audit/yang-mills-hs-gap-cert/formal-alstar/.lake/packages/mathlib/.lake/build/lib/lean:/Users/inaciof.vasquez/github-audit/yang-mills-hs-gap-cert/formal-alstar/.lake/build/lib/lean /Users/inaciof.vasquez/.elan/toolchains/leanprover--lean4---v4.27.0/bin/lean /Users/inaciof.vasquez/github-audit/yang-mills-hs-gap-cert/formal-alstar/ALSTAR/Theorems/Dichotomy.lean -o /Users/inaciof.vasquez/github-audit/yang-mills-hs-gap-cert/formal-alstar/.lake/build/lib/lean/ALSTAR/Theorems/Dichotomy.olean -i /Users/inaciof.vasquez/github-audit/yang-mills-hs-gap-cert/formal-alstar/.lake/build/lib/lean/ALSTAR/Theorems/Dichotomy.ilean -c /Users/inaciof.vasquez/github-audit/yang-mills-hs-gap-cert/formal-alstar/.lake/build/ir/ALSTAR/Theorems/Dichotomy.c --setup /Users/inaciof.vasquez/github-audit/yang-mills-hs-gap-cert/formal-alstar/.lake/build/ir/ALSTAR/Theorems/Dichotomy.setup.json --json",
   "level": "trace"}],
 "inputs":
 [["ALSTAR.Theorems.Dichotomy:deps",
   [["deps",
     [["«formal-alstar»/ALSTAR:extraDep",
       [["@«formal-alstar»:extraDep", "00000000000006bb"]]],
      ["imports",
       [["ALSTAR.Axioms.Basic transitive imports (legacy)", "08258fa8a07407b2"],
        ["ALSTAR.Axioms.Basic:importAllArts", "1848baeae6c7539c"],
        ["ALSTAR.Axioms.Coercivity transitive imports (legacy)",
         "abafb4cd02a0baff"],
        ["ALSTAR.Axioms.Coercivity:importAllArts", "a4246bd9ae20e87a"],
        ["ALSTAR.Axioms.TwoBubble transitive imports (legacy)",
         "2387335237de6bb4"],
        ["ALSTAR.Axioms.TwoBubble:importAllArts", "da0f50eb9fea32ec"]]]]],
    ["libs",
     [["import dynlibs", "00000000000006bb"],
      ["package external libraries", "00000000000006bb"],
      ["module dynlibs", "00000000000006bb"],
      ["module plugins", "00000000000006bb"]]]]],
  ["Lean 4.27.0, commit db93fe1608548721853390a10cd40580fe7d22ae",
   "9a2be90fd35343e5"],
  ["/Users/inaciof.vasquez/github-audit/yang-mills-hs-gap-cert/formal-alstar/ALSTAR/Theorems/Dichotomy.lean",
   "b656ef0051a49621"],
  ["options", "00000000000006bb"],
  ["Module.leanArgs: #[]", "00000000000006bb"]],
 "depHash": "7cd723db9d0b7d17"}