{"synthetic": false,
 "schemaVersion": "2025-09-10",
 "outputs":
 {"o": ["41c644028268ecfe.olean"],
  "i": "73e2a49220875134.ilean",
  "c": "607b5dbf778be7c0.c"},
 "log":
 [{"message":
   ".> LEAN_PATH=/Users/inaciof.vasquez/github-audit/yang-mills-hs-gap-cert/formal-alstar/.lake/packages/Cli/.lake/build/lib/lean:/Users/inaciof.vasquez/github-audit/yang-mills-hs-gap-cert/formal-alstar/.lake/packages/batteries/.lake/build/lib/lean:/Users/inaciof.vasquez/github-audit/yang-mills-hs-gap-cert/formal-alstar/.lake/packages/Qq/.lake/build/lib/lean:/Users/inaciof.vasquez/github-audit/yang-mills-hs-gap-cert/formal-alstar/.lake/packages/aesop/.lake/build/lib/lean:/Users/inaciof.vasquez/github-audit/yang-mills-hs-gap-cert/formal-alstar/.lake/packages/proofwidgets/.lake/build/lib/lean:/Users/inaciof.vasquez/github-audit/yang-mills-hs-gap-cert/formal-alstar/.lake/packages/importGraph/.lake/build/lib/lean:/Users/inaciof.vasquez/github-audit/yang-mills-hs-gap-cert/formal-alstar/.lake/packages/LeanSearchClient/.lake/build/lib/lean:/Users/inaciof.vasquez/github-audit/yang-mills-hs-gap-cert/formal-alstar/.lake/packages/plausible/.lake/build/lib/lean:/Users/inaciof.vasquez/github-audit/yang-mills-hs-gap-cert/formal-alstar/.lake/packages/mathlib/.lake/build/lib/lean:/Users/inaciof.vasquez/github-audit/yang-mills-hs-gap-cert/formal-alstar/.lake/build/lib/lean /Users/inaciof.vasquez/.elan/toolchains/leanprover--lean4---v4.27.0/bin/lean /Users/inaciof.vasquez/github-audit/yang-mills-hs-gap-cert/formal-alstar/ALSTAR.lean -o /Users/inaciof.vasquez/github-audit/yang-mills-hs-gap-cert/formal-alstar/.lake/build/lib/lean/ALSTAR.olean -i /Users/inaciof.vasquez/github-audit/yang-mills-hs-gap-cert/formal-alstar/.lake/build/lib/lean/ALSTAR.ilean -c /Users/inaciof.vasquez/github-audit/yang-mills-hs-gap-cert/formal-alstar/.lake/build/ir/ALSTAR.c --setup /Users/inaciof.vasquez/github-audit/yang-mills-hs-gap-cert/formal-alstar/.lake/build/ir/ALSTAR.setup.json --json",
   "level": "trace"}],
 "inputs":
 [["ALSTAR:deps",
   [["deps",
     [["«formal-alstar»/ALSTAR:extraDep",
       [["@«formal-alstar»:extraDep", "00000000000006bb"]]],
      ["imports",
       [["ALSTAR.Theorems.Dichotomy transitive imports (legacy)",
         "955f431a1c261ce0"],
        ["ALSTAR.Theorems.Dichotomy:importAllArts", "116891fb03fcb191"]]]]],
    ["libs",
     [["import dynlibs", "00000000000006bb"],
      ["package external libraries", "00000000000006bb"],
      ["module dynlibs", "00000000000006bb"],
      ["module plugins", "00000000000006bb"]]]]],
  ["Lean 4.27.0, commit db93fe1608548721853390a10cd40580fe7d22ae",
   "9a2be90fd35343e5"],
  ["/Users/inaciof.vasquez/github-audit/yang-mills-hs-gap-cert/formal-alstar/ALSTAR.lean",
   "0322b67a7101454a"],
  ["options", "00000000000006bb"],
  ["Module.leanArgs: #[]", "00000000000006bb"]],
 "depHash": "3a687724e690291d"}