{"synthetic": false,
 "schemaVersion": "2025-09-10",
 "outputs":
 {"o": ["132bfeaa944212c1.olean"],
  "i": "fe4654f8834f24dc.ilean",
  "c": "79a4861f7226ce4c.c"},
 "log":
 [{"message":
   ".> LEAN_PATH=/Users/inaciof.vasquez/github-audit/yang-mills-hs-gap-cert/formal-alstar/.lake/packages/Cli/.lake/build/lib/lean:/Users/inaciof.vasquez/github-audit/yang-mills-hs-gap-cert/formal-alstar/.lake/packages/batteries/.lake/build/lib/lean:/Users/inaciof.vasquez/github-audit/yang-mills-hs-gap-cert/formal-alstar/.lake/packages/Qq/.lake/build/lib/lean:/Users/inaciof.vasquez/github-audit/yang-mills-hs-gap-cert/formal-alstar/.lake/packages/aesop/.lake/build/lib/lean:/Users/inaciof.vasquez/github-audit/yang-mills-hs-gap-cert/formal-alstar/.lake/packages/proofwidgets/.lake/build/lib/lean:/Users/inaciof.vasquez/github-audit/yang-mills-hs-gap-cert/formal-alstar/.lake/packages/importGraph/.lake/build/lib/lean:/Users/inaciof.vasquez/github-audit/yang-mills-hs-gap-cert/formal-alstar/.lake/packages/LeanSearchClient/.lake/build/lib/lean:/Users/inaciof.vasquez/github-audit/yang-mills-hs-gap-cert/formal-alstar/.lake/packages/plausible/.lake/build/lib/lean:/Users/inaciof.vasquez/github-audit/yang-mills-hs-gap-cert/formal-alstar/.lake/packages/mathlib/.lake/build/lib/lean:/Users/inaciof.vasquez/github-audit/yang-mills-hs-gap-cert/formal-alstar/.lake/build/lib/lean /Users/inaciof.vasquez/.elan/toolchains/leanprover--lean4---v4.27.0/bin/lean /Users/inaciof.vasquez/github-audit/yang-mills-hs-gap-cert/formal-alstar/ALSTAR/Axioms/Basic.lean -o /Users/inaciof.vasquez/github-audit/yang-mills-hs-gap-cert/formal-alstar/.lake/build/lib/lean/ALSTAR/Axioms/Basic.olean -i /Users/inaciof.vasquez/github-audit/yang-mills-hs-gap-cert/formal-alstar/.lake/build/lib/lean/ALSTAR/Axioms/Basic.ilean -c /Users/inaciof.vasquez/github-audit/yang-mills-hs-gap-cert/formal-alstar/.lake/build/ir/ALSTAR/Axioms/Basic.c --setup /Users/inaciof.vasquez/github-audit/yang-mills-hs-gap-cert/formal-alstar/.lake/build/ir/ALSTAR/Axioms/Basic.setup.json --json",
   "level": "trace"}],
 "inputs":
 [["ALSTAR.Axioms.Basic:deps",
   [["deps",
     [["«formal-alstar»/ALSTAR:extraDep",
       [["@«formal-alstar»:extraDep", "00000000000006bb"]]],
      ["imports",
       [["Mathlib.Data.Nat.Log transitive imports (legacy)",
         "e872a94893d4b634"],
        ["Mathlib.Data.Nat.Log:importAllArts", "4086022a37270b32"]]]]],
    ["libs",
     [["import dynlibs", "00000000000006bb"],
      ["package external libraries", "00000000000006bb"],
      ["module dynlibs", "00000000000006bb"],
      ["module plugins", "00000000000006bb"]]]]],
  ["Lean 4.27.0, commit db93fe1608548721853390a10cd40580fe7d22ae",
   "9a2be90fd35343e5"],
  ["/Users/inaciof.vasquez/github-audit/yang-mills-hs-gap-cert/formal-alstar/ALSTAR/Axioms/Basic.lean",
   "b9cd4e0e1d909fda"],
  ["options", "00000000000006bb"],
  ["Module.leanArgs: #[]", "00000000000006bb"]],
 "depHash": "3cb80e6da9736c1c"}