{"synthetic": false,
 "schemaVersion": "2025-09-10",
 "outputs":
 {"o": ["104110753ca1ed05.olean"],
  "i": "a971b51eb7abc575.ilean",
  "c": "30884fa6e079617d.c"},
 "log":
 [{"message":
   ".> LEAN_PATH=/Users/inaciof.vasquez/github-audit/yang-mills-hs-gap-cert/formal-alstar/.lake/packages/Cli/.lake/build/lib/lean:/Users/inaciof.vasquez/github-audit/yang-mills-hs-gap-cert/formal-alstar/.lake/packages/batteries/.lake/build/lib/lean:/Users/inaciof.vasquez/github-audit/yang-mills-hs-gap-cert/formal-alstar/.lake/packages/Qq/.lake/build/lib/lean:/Users/inaciof.vasquez/github-audit/yang-mills-hs-gap-cert/formal-alstar/.lake/packages/aesop/.lake/build/lib/lean:/Users/inaciof.vasquez/github-audit/yang-mills-hs-gap-cert/formal-alstar/.lake/packages/proofwidgets/.lake/build/lib/lean:/Users/inaciof.vasquez/github-audit/yang-mills-hs-gap-cert/formal-alstar/.lake/packages/importGraph/.lake/build/lib/lean:/Users/inaciof.vasquez/github-audit/yang-mills-hs-gap-cert/formal-alstar/.lake/packages/LeanSearchClient/.lake/build/lib/lean:/Users/inaciof.vasquez/github-audit/yang-mills-hs-gap-cert/formal-alstar/.lake/packages/plausible/.lake/build/lib/lean:/Users/inaciof.vasquez/github-audit/yang-mills-hs-gap-cert/formal-alstar/.lake/packages/mathlib/.lake/build/lib/lean:/Users/inaciof.vasquez/github-audit/yang-mills-hs-gap-cert/formal-alstar/.lake/build/lib/lean /Users/inaciof.vasquez/.elan/toolchains/leanprover--lean4---v4.27.0/bin/lean /Users/inaciof.vasquez/github-audit/yang-mills-hs-gap-cert/formal-alstar/ALSTAR/Axioms/Coercivity.lean -o /Users/inaciof.vasquez/github-audit/yang-mills-hs-gap-cert/formal-alstar/.lake/build/lib/lean/ALSTAR/Axioms/Coercivity.olean -i /Users/inaciof.vasquez/github-audit/yang-mills-hs-gap-cert/formal-alstar/.lake/build/lib/lean/ALSTAR/Axioms/Coercivity.ilean -c /Users/inaciof.vasquez/github-audit/yang-mills-hs-gap-cert/formal-alstar/.lake/build/ir/ALSTAR/Axioms/Coercivity.c --setup /Users/inaciof.vasquez/github-audit/yang-mills-hs-gap-cert/formal-alstar/.lake/build/ir/ALSTAR/Axioms/Coercivity.setup.json --json",
   "level": "trace"}],
 "inputs":
 [["ALSTAR.Axioms.Coercivity:deps",
   [["deps",
     [["«formal-alstar»/ALSTAR:extraDep",
       [["@«formal-alstar»:extraDep", "00000000000006bb"]]],
      ["imports",
       [["ALSTAR.Axioms.Basic transitive imports (legacy)", "08258fa8a07407b2"],
        ["ALSTAR.Axioms.Basic:importAllArts", "1848baeae6c7539c"]]]]],
    ["libs",
     [["import dynlibs", "00000000000006bb"],
      ["package external libraries", "00000000000006bb"],
      ["module dynlibs", "00000000000006bb"],
      ["module plugins", "00000000000006bb"]]]]],
  ["Lean 4.27.0, commit db93fe1608548721853390a10cd40580fe7d22ae",
   "9a2be90fd35343e5"],
  ["/Users/inaciof.vasquez/github-audit/yang-mills-hs-gap-cert/formal-alstar/ALSTAR/Axioms/Coercivity.lean",
   "4ff6294322313720"],
  ["options", "00000000000006bb"],
  ["Module.leanArgs: #[]", "00000000000006bb"]],
 "depHash": "6e9690b6da87466f"}